nohup: ввод игнорируется

> dip-frontend@0.1.0 start
> react-scripts start

(node:97669) [DEP_WEBPACK_DEV_SERVER_ON_AFTER_SETUP_MIDDLEWARE] DeprecationWarning: 'onAfterSetupMiddleware' option is deprecated. Please use the 'setupMiddlewares' option.
(Use `node --trace-deprecation ...` to show where the warning was created)
(node:97669) [DEP_WEBPACK_DEV_SERVER_ON_BEFORE_SETUP_MIDDLEWARE] DeprecationWarning: 'onBeforeSetupMiddleware' option is deprecated. Please use the 'setupMiddlewares' option.
Starting the development server...

Compiled successfully!

You can now view dip-frontend in the browser.

  Local:            http://localhost:3001
  On Your Network:  http://192.168.1.213:3001

Note that the development build is not optimized.
To create a production build, use npm run build.

webpack compiled successfully
Files successfully emitted, waiting for typecheck results...
Issues checking in progress...
ERROR in src/App.tsx:395:17
TS2322: Type 'RTCOfferData | null' is not assignable to type 'Call | null'.
  Type 'RTCOfferData' is missing the following properties from type 'Call': id, callerId, calleeId, status, createdAt
    393 |                 status={callStatus}
    394 |                 activeCall={activeCall}
  > 395 |                 incomingCall={incomingCall}
        |                 ^^^^^^^^^^^^
    396 |                 remoteUsername={remoteUsername}
    397 |                 onAccept={acceptCall}
    398 |                 onReject={rejectCall}

